{"/Users/guido/Documents/Develop/front_web_mrmilu/packages/hooks/src/async_state.ts": {"path":"/Users/guido/Documents/Develop/front_web_mrmilu/packages/hooks/src/async_state.ts","statementMap":{"0":{"start":{"line":10,"column":22},"end":{"line":37,"column":1}},"1":{"start":{"line":11,"column":28},"end":{"line":11,"column":71}},"2":{"start":{"line":12,"column":37},"end":{"line":12,"column":76}},"3":{"start":{"line":14,"column":2},"end":{"line":28,"column":23}},"4":{"start":{"line":15,"column":4},"end":{"line":27,"column":5}},"5":{"start":{"line":16,"column":6},"end":{"line":26,"column":11}},"6":{"start":{"line":18,"column":10},"end":{"line":20,"column":20}},"7":{"start":{"line":19,"column":12},"end":{"line":19,"column":33}},"8":{"start":{"line":23,"column":10},"end":{"line":25,"column":20}},"9":{"start":{"line":24,"column":12},"end":{"line":24,"column":33}},"10":{"start":{"line":30,"column":2},"end":{"line":36,"column":4}},"11":{"start":{"line":33,"column":6},"end":{"line":33,"column":26}},"12":{"start":{"line":34,"column":6},"end":{"line":34,"column":31}}},"fnMap":{"0":{"name":"(anonymous_0)","decl":{"start":{"line":10,"column":22},"end":{"line":10,"column":23}},"loc":{"start":{"line":10,"column":59},"end":{"line":37,"column":1}},"line":10},"1":{"name":"(anonymous_1)","decl":{"start":{"line":14,"column":12},"end":{"line":14,"column":13}},"loc":{"start":{"line":14,"column":18},"end":{"line":28,"column":3}},"line":14},"2":{"name":"(anonymous_2)","decl":{"start":{"line":17,"column":14},"end":{"line":17,"column":15}},"loc":{"start":{"line":17,"column":20},"end":{"line":21,"column":9}},"line":17},"3":{"name":"(anonymous_3)","decl":{"start":{"line":18,"column":21},"end":{"line":18,"column":22}},"loc":{"start":{"line":18,"column":27},"end":{"line":20,"column":11}},"line":18},"4":{"name":"(anonymous_4)","decl":{"start":{"line":22,"column":15},"end":{"line":22,"column":16}},"loc":{"start":{"line":22,"column":21},"end":{"line":26,"column":9}},"line":22},"5":{"name":"(anonymous_5)","decl":{"start":{"line":23,"column":21},"end":{"line":23,"column":22}},"loc":{"start":{"line":23,"column":27},"end":{"line":25,"column":11}},"line":23},"6":{"name":"(anonymous_6)","decl":{"start":{"line":32,"column":16},"end":{"line":32,"column":17}},"loc":{"start":{"line":32,"column":54},"end":{"line":35,"column":5}},"line":32}},"branchMap":{"0":{"loc":{"start":{"line":10,"column":23},"end":{"line":10,"column":32}},"type":"default-arg","locations":[{"start":{"line":10,"column":31},"end":{"line":10,"column":32}}],"line":10},"1":{"loc":{"start":{"line":15,"column":4},"end":{"line":27,"column":5}},"type":"if","locations":[{"start":{"line":15,"column":4},"end":{"line":27,"column":5}},{"start":{},"end":{}}],"line":15}},"s":{"0":2,"1":6,"2":6,"3":6,"4":4,"5":2,"6":1,"7":1,"8":1,"9":1,"10":6,"11":2,"12":2},"f":{"0":6,"1":4,"2":1,"3":1,"4":1,"5":1,"6":2},"b":{"0":[6],"1":[2,2]},"_coverageSchema":"1a1c01bbd47fc00a2c39e90264f33305004495a9","hash":"de0330aecf24007d6fd24b2d0c30bc43ce0d4da7"}
,"/Users/guido/Documents/Develop/front_web_mrmilu/packages/hooks/src/breakpoint_match.ts": {"path":"/Users/guido/Documents/Develop/front_web_mrmilu/packages/hooks/src/breakpoint_match.ts","statementMap":{"0":{"start":{"line":3,"column":60},"end":{"line":7,"column":1}},"1":{"start":{"line":23,"column":28},"end":{"line":66,"column":1}},"2":{"start":{"line":24,"column":52},"end":{"line":24,"column":92}},"3":{"start":{"line":26,"column":18},"end":{"line":26,"column":103}},"4":{"start":{"line":26,"column":32},"end":{"line":26,"column":81}},"5":{"start":{"line":27,"column":18},"end":{"line":30,"column":3}},"6":{"start":{"line":28,"column":10},"end":{"line":28,"column":112}},"7":{"start":{"line":31,"column":18},"end":{"line":37,"column":3}},"8":{"start":{"line":33,"column":6},"end":{"line":35,"column":55}},"9":{"start":{"line":39,"column":21},"end":{"line":49,"column":8}},"10":{"start":{"line":40,"column":4},"end":{"line":48,"column":5}},"11":{"start":{"line":41,"column":6},"end":{"line":47,"column":7}},"12":{"start":{"line":42,"column":8},"end":{"line":42,"column":58}},"13":{"start":{"line":43,"column":13},"end":{"line":47,"column":7}},"14":{"start":{"line":44,"column":8},"end":{"line":44,"column":58}},"15":{"start":{"line":45,"column":13},"end":{"line":47,"column":7}},"16":{"start":{"line":46,"column":8},"end":{"line":46,"column":58}},"17":{"start":{"line":51,"column":2},"end":{"line":59,"column":19}},"18":{"start":{"line":52,"column":4},"end":{"line":52,"column":17}},"19":{"start":{"line":53,"column":4},"end":{"line":55,"column":5}},"20":{"start":{"line":54,"column":6},"end":{"line":54,"column":52}},"21":{"start":{"line":56,"column":4},"end":{"line":58,"column":6}},"22":{"start":{"line":57,"column":6},"end":{"line":57,"column":55}},"23":{"start":{"line":61,"column":2},"end":{"line":65,"column":4}}},"fnMap":{"0":{"name":"(anonymous_0)","decl":{"start":{"line":23,"column":28},"end":{"line":23,"column":29}},"loc":{"start":{"line":23,"column":127},"end":{"line":66,"column":1}},"line":23},"1":{"name":"(anonymous_1)","decl":{"start":{"line":26,"column":26},"end":{"line":26,"column":27}},"loc":{"start":{"line":26,"column":32},"end":{"line":26,"column":81}},"line":26},"2":{"name":"(anonymous_2)","decl":{"start":{"line":28,"column":4},"end":{"line":28,"column":5}},"loc":{"start":{"line":28,"column":10},"end":{"line":28,"column":112}},"line":28},"3":{"name":"(anonymous_3)","decl":{"start":{"line":32,"column":4},"end":{"line":32,"column":5}},"loc":{"start":{"line":33,"column":6},"end":{"line":35,"column":55}},"line":33},"4":{"name":"(anonymous_4)","decl":{"start":{"line":39,"column":33},"end":{"line":39,"column":34}},"loc":{"start":{"line":39,"column":39},"end":{"line":49,"column":3}},"line":39},"5":{"name":"(anonymous_5)","decl":{"start":{"line":51,"column":12},"end":{"line":51,"column":13}},"loc":{"start":{"line":51,"column":18},"end":{"line":59,"column":3}},"line":51},"6":{"name":"(anonymous_6)","decl":{"start":{"line":56,"column":11},"end":{"line":56,"column":12}},"loc":{"start":{"line":56,"column":17},"end":{"line":58,"column":5}},"line":56}},"branchMap":{"0":{"loc":{"start":{"line":23,"column":29},"end":{"line":23,"column":94}},"type":"default-arg","locations":[{"start":{"line":23,"column":76},"end":{"line":23,"column":94}}],"line":23},"1":{"loc":{"start":{"line":28,"column":10},"end":{"line":28,"column":112}},"type":"binary-expr","locations":[{"start":{"line":28,"column":10},"end":{"line":28,"column":59}},{"start":{"line":28,"column":63},"end":{"line":28,"column":112}}],"line":28},"2":{"loc":{"start":{"line":33,"column":6},"end":{"line":35,"column":55}},"type":"binary-expr","locations":[{"start":{"line":33,"column":6},"end":{"line":33,"column":55}},{"start":{"line":34,"column":6},"end":{"line":34,"column":55}},{"start":{"line":35,"column":6},"end":{"line":35,"column":55}}],"line":33},"3":{"loc":{"start":{"line":40,"column":4},"end":{"line":48,"column":5}},"type":"if","locations":[{"start":{"line":40,"column":4},"end":{"line":48,"column":5}},{"start":{},"end":{}}],"line":40},"4":{"loc":{"start":{"line":41,"column":6},"end":{"line":47,"column":7}},"type":"if","locations":[{"start":{"line":41,"column":6},"end":{"line":47,"column":7}},{"start":{"line":43,"column":13},"end":{"line":47,"column":7}}],"line":41},"5":{"loc":{"start":{"line":43,"column":13},"end":{"line":47,"column":7}},"type":"if","locations":[{"start":{"line":43,"column":13},"end":{"line":47,"column":7}},{"start":{"line":45,"column":13},"end":{"line":47,"column":7}}],"line":43},"6":{"loc":{"start":{"line":45,"column":13},"end":{"line":47,"column":7}},"type":"if","locations":[{"start":{"line":45,"column":13},"end":{"line":47,"column":7}},{"start":{},"end":{}}],"line":45},"7":{"loc":{"start":{"line":53,"column":4},"end":{"line":55,"column":5}},"type":"if","locations":[{"start":{"line":53,"column":4},"end":{"line":55,"column":5}},{"start":{},"end":{}}],"line":53}},"s":{"0":3,"1":3,"2":5,"3":5,"4":5,"5":5,"6":5,"7":5,"8":5,"9":5,"10":4,"11":4,"12":2,"13":2,"14":1,"15":1,"16":1,"17":5,"18":1,"19":1,"20":1,"21":1,"22":1,"23":5},"f":{"0":5,"1":5,"2":5,"3":5,"4":4,"5":1,"6":1},"b":{"0":[0],"1":[5,4],"2":[5,4,3],"3":[4,0],"4":[2,2],"5":[1,1],"6":[1,0],"7":[1,0]},"_coverageSchema":"1a1c01bbd47fc00a2c39e90264f33305004495a9","hash":"33ed3c5985f9cbe7b693680656c15df8f4f0ed5b"}
,"/Users/guido/Documents/Develop/front_web_mrmilu/packages/hooks/src/click_outisde.ts": {"path":"/Users/guido/Documents/Develop/front_web_mrmilu/packages/hooks/src/click_outisde.ts","statementMap":{"0":{"start":{"line":4,"column":24},"end":{"line":19,"column":1}},"1":{"start":{"line":5,"column":2},"end":{"line":18,"column":21}},"2":{"start":{"line":6,"column":21},"end":{"line":11,"column":5}},"3":{"start":{"line":7,"column":6},"end":{"line":9,"column":7}},"4":{"start":{"line":8,"column":8},"end":{"line":8,"column":15}},"5":{"start":{"line":10,"column":6},"end":{"line":10,"column":21}},"6":{"start":{"line":12,"column":4},"end":{"line":12,"column":53}},"7":{"start":{"line":13,"column":4},"end":{"line":13,"column":54}},"8":{"start":{"line":14,"column":4},"end":{"line":17,"column":6}},"9":{"start":{"line":15,"column":6},"end":{"line":15,"column":58}},"10":{"start":{"line":16,"column":6},"end":{"line":16,"column":59}}},"fnMap":{"0":{"name":"(anonymous_0)","decl":{"start":{"line":4,"column":24},"end":{"line":4,"column":25}},"loc":{"start":{"line":4,"column":90},"end":{"line":19,"column":1}},"line":4},"1":{"name":"(anonymous_1)","decl":{"start":{"line":5,"column":12},"end":{"line":5,"column":13}},"loc":{"start":{"line":5,"column":18},"end":{"line":18,"column":3}},"line":5},"2":{"name":"(anonymous_2)","decl":{"start":{"line":6,"column":21},"end":{"line":6,"column":22}},"loc":{"start":{"line":6,"column":39},"end":{"line":11,"column":5}},"line":6},"3":{"name":"(anonymous_3)","decl":{"start":{"line":14,"column":11},"end":{"line":14,"column":12}},"loc":{"start":{"line":14,"column":17},"end":{"line":17,"column":5}},"line":14}},"branchMap":{"0":{"loc":{"start":{"line":7,"column":6},"end":{"line":9,"column":7}},"type":"if","locations":[{"start":{"line":7,"column":6},"end":{"line":9,"column":7}},{"start":{},"end":{}}],"line":7},"1":{"loc":{"start":{"line":7,"column":10},"end":{"line":7,"column":68}},"type":"binary-expr","locations":[{"start":{"line":7,"column":10},"end":{"line":7,"column":22}},{"start":{"line":7,"column":26},"end":{"line":7,"column":68}}],"line":7}},"s":{"0":2,"1":2,"2":2,"3":2,"4":1,"5":1,"6":2,"7":2,"8":2,"9":2,"10":2},"f":{"0":2,"1":2,"2":2,"3":2},"b":{"0":[1,1],"1":[2,2]},"_coverageSchema":"1a1c01bbd47fc00a2c39e90264f33305004495a9","hash":"62bcf3c3055a562098f4785e64298025c539aa1e"}
,"/Users/guido/Documents/Develop/front_web_mrmilu/packages/hooks/src/index.ts": {"path":"/Users/guido/Documents/Develop/front_web_mrmilu/packages/hooks/src/index.ts","statementMap":{},"fnMap":{},"branchMap":{},"s":{},"f":{},"b":{},"_coverageSchema":"1a1c01bbd47fc00a2c39e90264f33305004495a9","hash":"4d70b3318607a0926a1a4035bc1940056a97334c"}
,"/Users/guido/Documents/Develop/front_web_mrmilu/packages/network/src/graphql_client.ts": {"path":"/Users/guido/Documents/Develop/front_web_mrmilu/packages/network/src/graphql_client.ts","statementMap":{"0":{"start":{"line":15,"column":4},"end":{"line":33,"column":7}},"1":{"start":{"line":37,"column":4},"end":{"line":55,"column":5}},"2":{"start":{"line":38,"column":31},"end":{"line":43,"column":8}},"3":{"start":{"line":44,"column":62},"end":{"line":44,"column":66}},"4":{"start":{"line":45,"column":23},"end":{"line":45,"column":46}},"5":{"start":{"line":46,"column":27},"end":{"line":46,"column":73}},"6":{"start":{"line":47,"column":6},"end":{"line":51,"column":7}},"7":{"start":{"line":48,"column":8},"end":{"line":48,"column":43}},"8":{"start":{"line":49,"column":13},"end":{"line":51,"column":7}},"9":{"start":{"line":50,"column":8},"end":{"line":50,"column":48}},"10":{"start":{"line":52,"column":6},"end":{"line":52,"column":18}},"11":{"start":{"line":54,"column":6},"end":{"line":54,"column":14}},"12":{"start":{"line":59,"column":4},"end":{"line":77,"column":5}},"13":{"start":{"line":60,"column":31},"end":{"line":65,"column":8}},"14":{"start":{"line":66,"column":62},"end":{"line":66,"column":66}},"15":{"start":{"line":67,"column":23},"end":{"line":67,"column":46}},"16":{"start":{"line":68,"column":27},"end":{"line":68,"column":73}},"17":{"start":{"line":69,"column":6},"end":{"line":73,"column":7}},"18":{"start":{"line":70,"column":8},"end":{"line":70,"column":43}},"19":{"start":{"line":71,"column":13},"end":{"line":73,"column":7}},"20":{"start":{"line":72,"column":8},"end":{"line":72,"column":48}},"21":{"start":{"line":74,"column":6},"end":{"line":74,"column":18}},"22":{"start":{"line":76,"column":6},"end":{"line":76,"column":14}}},"fnMap":{"0":{"name":"(anonymous_0)","decl":{"start":{"line":14,"column":2},"end":{"line":14,"column":3}},"loc":{"start":{"line":14,"column":61},"end":{"line":34,"column":3}},"line":14},"1":{"name":"(anonymous_1)","decl":{"start":{"line":36,"column":2},"end":{"line":36,"column":3}},"loc":{"start":{"line":36,"column":144},"end":{"line":56,"column":3}},"line":36},"2":{"name":"(anonymous_2)","decl":{"start":{"line":58,"column":2},"end":{"line":58,"column":3}},"loc":{"start":{"line":58,"column":137},"end":{"line":78,"column":3}},"line":58}},"branchMap":{"0":{"loc":{"start":{"line":42,"column":28},"end":{"line":42,"column":50}},"type":"binary-expr","locations":[{"start":{"line":42,"column":28},"end":{"line":42,"column":44}},{"start":{"line":42,"column":48},"end":{"line":42,"column":50}}],"line":42},"1":{"loc":{"start":{"line":45,"column":23},"end":{"line":45,"column":46}},"type":"binary-expr","locations":[{"start":{"line":45,"column":23},"end":{"line":45,"column":29}},{"start":{"line":45,"column":33},"end":{"line":45,"column":46}}],"line":45},"2":{"loc":{"start":{"line":46,"column":27},"end":{"line":46,"column":73}},"type":"binary-expr","locations":[{"start":{"line":46,"column":27},"end":{"line":46,"column":45}},{"start":{"line":46,"column":49},"end":{"line":46,"column":73}}],"line":46},"3":{"loc":{"start":{"line":47,"column":6},"end":{"line":51,"column":7}},"type":"if","locations":[{"start":{"line":47,"column":6},"end":{"line":51,"column":7}},{"start":{"line":49,"column":13},"end":{"line":51,"column":7}}],"line":47},"4":{"loc":{"start":{"line":49,"column":13},"end":{"line":51,"column":7}},"type":"if","locations":[{"start":{"line":49,"column":13},"end":{"line":51,"column":7}},{"start":{},"end":{}}],"line":49},"5":{"loc":{"start":{"line":64,"column":28},"end":{"line":64,"column":50}},"type":"binary-expr","locations":[{"start":{"line":64,"column":28},"end":{"line":64,"column":44}},{"start":{"line":64,"column":48},"end":{"line":64,"column":50}}],"line":64},"6":{"loc":{"start":{"line":67,"column":23},"end":{"line":67,"column":46}},"type":"binary-expr","locations":[{"start":{"line":67,"column":23},"end":{"line":67,"column":29}},{"start":{"line":67,"column":33},"end":{"line":67,"column":46}}],"line":67},"7":{"loc":{"start":{"line":68,"column":27},"end":{"line":68,"column":73}},"type":"binary-expr","locations":[{"start":{"line":68,"column":27},"end":{"line":68,"column":45}},{"start":{"line":68,"column":49},"end":{"line":68,"column":73}}],"line":68},"8":{"loc":{"start":{"line":69,"column":6},"end":{"line":73,"column":7}},"type":"if","locations":[{"start":{"line":69,"column":6},"end":{"line":73,"column":7}},{"start":{"line":71,"column":13},"end":{"line":73,"column":7}}],"line":69},"9":{"loc":{"start":{"line":71,"column":13},"end":{"line":73,"column":7}},"type":"if","locations":[{"start":{"line":71,"column":13},"end":{"line":73,"column":7}},{"start":{},"end":{}}],"line":71}},"s":{"0":1,"1":3,"2":3,"3":3,"4":3,"5":3,"6":3,"7":1,"8":2,"9":1,"10":1,"11":2,"12":3,"13":3,"14":3,"15":3,"16":3,"17":3,"18":1,"19":2,"20":1,"21":1,"22":2},"f":{"0":1,"1":3,"2":3},"b":{"0":[3,3],"1":[3,1],"2":[3,1],"3":[1,2],"4":[1,1],"5":[3,3],"6":[3,1],"7":[3,1],"8":[1,2],"9":[1,1]},"_coverageSchema":"1a1c01bbd47fc00a2c39e90264f33305004495a9","hash":"357db77557f228fa3519e9f1b56b691ae09316fd"}
,"/Users/guido/Documents/Develop/front_web_mrmilu/packages/network/src/index.ts": {"path":"/Users/guido/Documents/Develop/front_web_mrmilu/packages/network/src/index.ts","statementMap":{},"fnMap":{},"branchMap":{},"s":{},"f":{},"b":{},"_coverageSchema":"1a1c01bbd47fc00a2c39e90264f33305004495a9","hash":"ab79979db66d3a08c0110be53f694ca067942584"}
,"/Users/guido/Documents/Develop/front_web_mrmilu/packages/network/src/interfaces/graphql_data_source.ts": {"path":"/Users/guido/Documents/Develop/front_web_mrmilu/packages/network/src/interfaces/graphql_data_source.ts","statementMap":{},"fnMap":{},"branchMap":{},"s":{},"f":{},"b":{}}
,"/Users/guido/Documents/Develop/front_web_mrmilu/packages/network/src/interfaces/index.ts": {"path":"/Users/guido/Documents/Develop/front_web_mrmilu/packages/network/src/interfaces/index.ts","statementMap":{},"fnMap":{},"branchMap":{},"s":{},"f":{},"b":{},"_coverageSchema":"1a1c01bbd47fc00a2c39e90264f33305004495a9","hash":"6079d959db5842db2914c793fb8b3eef2117ecef"}
,"/Users/guido/Documents/Develop/front_web_mrmilu/packages/network/src/interfaces/rest_data_source.ts": {"path":"/Users/guido/Documents/Develop/front_web_mrmilu/packages/network/src/interfaces/rest_data_source.ts","statementMap":{},"fnMap":{},"branchMap":{},"s":{},"f":{},"b":{}}
,"/Users/guido/Documents/Develop/front_web_mrmilu/packages/services/src/index.ts": {"path":"/Users/guido/Documents/Develop/front_web_mrmilu/packages/services/src/index.ts","statementMap":{},"fnMap":{},"branchMap":{},"s":{},"f":{},"b":{},"_coverageSchema":"1a1c01bbd47fc00a2c39e90264f33305004495a9","hash":"e336d33d627aa69d24e05279dd4080be2d71b8c5"}
,"/Users/guido/Documents/Develop/front_web_mrmilu/packages/services/src/tag_manager_service.ts": {"path":"/Users/guido/Documents/Develop/front_web_mrmilu/packages/services/src/tag_manager_service.ts","statementMap":{"0":{"start":{"line":14,"column":54},"end":{"line":14,"column":58}},"1":{"start":{"line":17,"column":4},"end":{"line":20,"column":5}},"2":{"start":{"line":18,"column":6},"end":{"line":18,"column":71}},"3":{"start":{"line":18,"column":29},"end":{"line":18,"column":71}},"4":{"start":{"line":19,"column":6},"end":{"line":19,"column":40}},"5":{"start":{"line":24,"column":4},"end":{"line":26,"column":5}},"6":{"start":{"line":25,"column":6},"end":{"line":25,"column":58}}},"fnMap":{"0":{"name":"(anonymous_0)","decl":{"start":{"line":16,"column":2},"end":{"line":16,"column":3}},"loc":{"start":{"line":16,"column":16},"end":{"line":21,"column":3}},"line":16},"1":{"name":"(anonymous_1)","decl":{"start":{"line":23,"column":2},"end":{"line":23,"column":3}},"loc":{"start":{"line":23,"column":69},"end":{"line":27,"column":3}},"line":23}},"branchMap":{"0":{"loc":{"start":{"line":17,"column":4},"end":{"line":20,"column":5}},"type":"if","locations":[{"start":{"line":17,"column":4},"end":{"line":20,"column":5}},{"start":{},"end":{}}],"line":17},"1":{"loc":{"start":{"line":18,"column":6},"end":{"line":18,"column":71}},"type":"if","locations":[{"start":{"line":18,"column":6},"end":{"line":18,"column":71}},{"start":{},"end":{}}],"line":18},"2":{"loc":{"start":{"line":18,"column":48},"end":{"line":18,"column":70}},"type":"binary-expr","locations":[{"start":{"line":18,"column":48},"end":{"line":18,"column":64}},{"start":{"line":18,"column":68},"end":{"line":18,"column":70}}],"line":18},"3":{"loc":{"start":{"line":24,"column":4},"end":{"line":26,"column":5}},"type":"if","locations":[{"start":{"line":24,"column":4},"end":{"line":26,"column":5}},{"start":{},"end":{}}],"line":24}},"s":{"0":2,"1":2,"2":2,"3":1,"4":2,"5":2,"6":2},"f":{"0":2,"1":2},"b":{"0":[2,0],"1":[1,1],"2":[1,1],"3":[2,0]},"_coverageSchema":"1a1c01bbd47fc00a2c39e90264f33305004495a9","hash":"2a6713ed8328b5c83d126216d56795cea1ced0cf"}
,"/Users/guido/Documents/Develop/front_web_mrmilu/packages/utils/src/cookie.ts": {"path":"/Users/guido/Documents/Develop/front_web_mrmilu/packages/utils/src/cookie.ts","statementMap":{"0":{"start":{"line":3,"column":18},"end":{"line":3,"column":20}},"1":{"start":{"line":4,"column":4},"end":{"line":8,"column":5}},"2":{"start":{"line":5,"column":19},"end":{"line":5,"column":29}},"3":{"start":{"line":6,"column":6},"end":{"line":6,"column":64}},"4":{"start":{"line":7,"column":6},"end":{"line":7,"column":50}},"5":{"start":{"line":9,"column":4},"end":{"line":9,"column":72}},"6":{"start":{"line":13,"column":19},"end":{"line":13,"column":29}},"7":{"start":{"line":14,"column":15},"end":{"line":14,"column":41}},"8":{"start":{"line":15,"column":4},"end":{"line":19,"column":5}},"9":{"start":{"line":15,"column":17},"end":{"line":15,"column":18}},"10":{"start":{"line":16,"column":14},"end":{"line":16,"column":19}},"11":{"start":{"line":17,"column":6},"end":{"line":17,"column":62}},"12":{"start":{"line":17,"column":33},"end":{"line":17,"column":62}},"13":{"start":{"line":18,"column":6},"end":{"line":18,"column":78}},"14":{"start":{"line":18,"column":34},"end":{"line":18,"column":78}},"15":{"start":{"line":20,"column":4},"end":{"line":20,"column":16}},"16":{"start":{"line":24,"column":4},"end":{"line":24,"column":81}},"17":{"start":{"line":27,"column":32},"end":{"line":31,"column":3}},"18":{"start":{"line":28,"column":17},"end":{"line":28,"column":27}},"19":{"start":{"line":29,"column":4},"end":{"line":29,"column":40}},"20":{"start":{"line":30,"column":4},"end":{"line":30,"column":16}}},"fnMap":{"0":{"name":"(anonymous_0)","decl":{"start":{"line":2,"column":2},"end":{"line":2,"column":3}},"loc":{"start":{"line":2,"column":60},"end":{"line":10,"column":3}},"line":2},"1":{"name":"(anonymous_1)","decl":{"start":{"line":12,"column":2},"end":{"line":12,"column":3}},"loc":{"start":{"line":12,"column":33},"end":{"line":21,"column":3}},"line":12},"2":{"name":"(anonymous_2)","decl":{"start":{"line":23,"column":2},"end":{"line":23,"column":3}},"loc":{"start":{"line":23,"column":35},"end":{"line":25,"column":3}},"line":23},"3":{"name":"(anonymous_3)","decl":{"start":{"line":27,"column":32},"end":{"line":27,"column":33}},"loc":{"start":{"line":27,"column":48},"end":{"line":31,"column":3}},"line":27}},"branchMap":{"0":{"loc":{"start":{"line":2,"column":48},"end":{"line":2,"column":58}},"type":"default-arg","locations":[{"start":{"line":2,"column":55},"end":{"line":2,"column":58}}],"line":2},"1":{"loc":{"start":{"line":4,"column":4},"end":{"line":8,"column":5}},"type":"if","locations":[{"start":{"line":4,"column":4},"end":{"line":8,"column":5}},{"start":{},"end":{}}],"line":4},"2":{"loc":{"start":{"line":9,"column":36},"end":{"line":9,"column":47}},"type":"binary-expr","locations":[{"start":{"line":9,"column":36},"end":{"line":9,"column":41}},{"start":{"line":9,"column":45},"end":{"line":9,"column":47}}],"line":9},"3":{"loc":{"start":{"line":18,"column":6},"end":{"line":18,"column":78}},"type":"if","locations":[{"start":{"line":18,"column":6},"end":{"line":18,"column":78}},{"start":{},"end":{}}],"line":18},"4":{"loc":{"start":{"line":27,"column":33},"end":{"line":27,"column":43}},"type":"default-arg","locations":[{"start":{"line":27,"column":40},"end":{"line":27,"column":43}}],"line":27}},"s":{"0":1,"1":1,"2":1,"3":1,"4":1,"5":1,"6":2,"7":2,"8":2,"9":2,"10":4,"11":4,"12":1,"13":4,"14":1,"15":1,"16":1,"17":2,"18":1,"19":1,"20":1},"f":{"0":1,"1":2,"2":1,"3":1},"b":{"0":[1],"1":[1,0],"2":[1,0],"3":[1,3],"4":[1]},"_coverageSchema":"1a1c01bbd47fc00a2c39e90264f33305004495a9","hash":"03d86e5a4ad99c33d3d2cede1092bca489aa4bdc"}
,"/Users/guido/Documents/Develop/front_web_mrmilu/packages/utils/src/index.ts": {"path":"/Users/guido/Documents/Develop/front_web_mrmilu/packages/utils/src/index.ts","statementMap":{},"fnMap":{},"branchMap":{},"s":{},"f":{},"b":{},"_coverageSchema":"1a1c01bbd47fc00a2c39e90264f33305004495a9","hash":"3c00d72d2dac3c7fb2aeadc620a864dac2e824dd"}
,"/Users/guido/Documents/Develop/front_web_mrmilu/packages/utils/src/promise.ts": {"path":"/Users/guido/Documents/Develop/front_web_mrmilu/packages/utils/src/promise.ts","statementMap":{"0":{"start":{"line":1,"column":23},"end":{"line":6,"column":4}},"1":{"start":{"line":2,"column":2},"end":{"line":6,"column":4}},"2":{"start":{"line":3,"column":4},"end":{"line":5,"column":20}},"3":{"start":{"line":4,"column":6},"end":{"line":4,"column":16}},"4":{"start":{"line":15,"column":30},"end":{"line":34,"column":1}},"5":{"start":{"line":16,"column":20},"end":{"line":16,"column":25}},"6":{"start":{"line":17,"column":42},"end":{"line":17,"column":46}},"7":{"start":{"line":19,"column":25},"end":{"line":23,"column":4}},"8":{"start":{"line":20,"column":4},"end":{"line":20,"column":75}},"9":{"start":{"line":20,"column":27},"end":{"line":20,"column":72}},"10":{"start":{"line":25,"column":2},"end":{"line":33,"column":4}},"11":{"start":{"line":28,"column":6},"end":{"line":28,"column":25}},"12":{"start":{"line":31,"column":6},"end":{"line":31,"column":30}}},"fnMap":{"0":{"name":"(anonymous_0)","decl":{"start":{"line":1,"column":23},"end":{"line":1,"column":24}},"loc":{"start":{"line":2,"column":2},"end":{"line":6,"column":4}},"line":2},"1":{"name":"(anonymous_1)","decl":{"start":{"line":2,"column":20},"end":{"line":2,"column":21}},"loc":{"start":{"line":2,"column":33},"end":{"line":6,"column":3}},"line":2},"2":{"name":"(anonymous_2)","decl":{"start":{"line":3,"column":15},"end":{"line":3,"column":16}},"loc":{"start":{"line":3,"column":21},"end":{"line":5,"column":5}},"line":3},"3":{"name":"(anonymous_3)","decl":{"start":{"line":15,"column":30},"end":{"line":15,"column":31}},"loc":{"start":{"line":15,"column":80},"end":{"line":34,"column":1}},"line":15},"4":{"name":"(anonymous_4)","decl":{"start":{"line":19,"column":40},"end":{"line":19,"column":41}},"loc":{"start":{"line":19,"column":61},"end":{"line":23,"column":3}},"line":19},"5":{"name":"(anonymous_5)","decl":{"start":{"line":20,"column":17},"end":{"line":20,"column":18}},"loc":{"start":{"line":20,"column":27},"end":{"line":20,"column":72}},"line":20},"6":{"name":"(anonymous_6)","decl":{"start":{"line":27,"column":4},"end":{"line":27,"column":5}},"loc":{"start":{"line":27,"column":13},"end":{"line":29,"column":5}},"line":27},"7":{"name":"(anonymous_7)","decl":{"start":{"line":30,"column":4},"end":{"line":30,"column":5}},"loc":{"start":{"line":30,"column":23},"end":{"line":32,"column":5}},"line":30}},"branchMap":{"0":{"loc":{"start":{"line":20,"column":27},"end":{"line":20,"column":72}},"type":"cond-expr","locations":[{"start":{"line":20,"column":41},"end":{"line":20,"column":57}},{"start":{"line":20,"column":60},"end":{"line":20,"column":72}}],"line":20}},"s":{"0":2,"1":3,"2":3,"3":3,"4":2,"5":2,"6":2,"7":2,"8":2,"9":2,"10":2,"11":1,"12":2},"f":{"0":3,"1":3,"2":3,"3":2,"4":2,"5":2,"6":1,"7":2},"b":{"0":[1,1]},"_coverageSchema":"1a1c01bbd47fc00a2c39e90264f33305004495a9","hash":"e64002c6fe336424517fcdf04e2b94d79694d94d"}
,"/Users/guido/Documents/Develop/front_web_mrmilu/packages/utils/src/yup_extended.ts": {"path":"/Users/guido/Documents/Develop/front_web_mrmilu/packages/utils/src/yup_extended.ts","statementMap":{"0":{"start":{"line":6,"column":0},"end":{"line":13,"column":3}},"1":{"start":{"line":7,"column":2},"end":{"line":12,"column":5}},"2":{"start":{"line":8,"column":4},"end":{"line":11,"column":5}},"3":{"start":{"line":9,"column":21},"end":{"line":9,"column":34}},"4":{"start":{"line":10,"column":6},"end":{"line":10,"column":35}}},"fnMap":{"0":{"name":"(anonymous_0)","decl":{"start":{"line":6,"column":56},"end":{"line":6,"column":57}},"loc":{"start":{"line":6,"column":84},"end":{"line":13,"column":1}},"line":6},"1":{"name":"(anonymous_1)","decl":{"start":{"line":7,"column":46},"end":{"line":7,"column":47}},"loc":{"start":{"line":7,"column":66},"end":{"line":12,"column":3}},"line":7}},"branchMap":{"0":{"loc":{"start":{"line":7,"column":31},"end":{"line":7,"column":44}},"type":"binary-expr","locations":[{"start":{"line":7,"column":31},"end":{"line":7,"column":38}},{"start":{"line":7,"column":42},"end":{"line":7,"column":44}}],"line":7},"1":{"loc":{"start":{"line":8,"column":4},"end":{"line":11,"column":5}},"type":"if","locations":[{"start":{"line":8,"column":4},"end":{"line":11,"column":5}},{"start":{},"end":{}}],"line":8}},"s":{"0":3,"1":1,"2":2,"3":2,"4":2},"f":{"0":1,"1":2},"b":{"0":[1,0],"1":[2,0]},"_coverageSchema":"1a1c01bbd47fc00a2c39e90264f33305004495a9","hash":"b7271bdfb81e0c39e5f395a1296200ec9795cdce"}
}
