{"/Users/guido/Documents/Develop/front_web_mrmilu/packages/hooks/src/async_state.ts": {"path":"/Users/guido/Documents/Develop/front_web_mrmilu/packages/hooks/src/async_state.ts","statementMap":{"0":{"start":{"line":14,"column":22},"end":{"line":41,"column":1}},"1":{"start":{"line":15,"column":28},"end":{"line":15,"column":71}},"2":{"start":{"line":16,"column":37},"end":{"line":16,"column":76}},"3":{"start":{"line":18,"column":2},"end":{"line":32,"column":23}},"4":{"start":{"line":19,"column":4},"end":{"line":31,"column":5}},"5":{"start":{"line":20,"column":6},"end":{"line":30,"column":11}},"6":{"start":{"line":22,"column":10},"end":{"line":24,"column":20}},"7":{"start":{"line":23,"column":12},"end":{"line":23,"column":33}},"8":{"start":{"line":27,"column":10},"end":{"line":29,"column":20}},"9":{"start":{"line":28,"column":12},"end":{"line":28,"column":33}},"10":{"start":{"line":34,"column":2},"end":{"line":40,"column":4}},"11":{"start":{"line":37,"column":6},"end":{"line":37,"column":26}},"12":{"start":{"line":38,"column":6},"end":{"line":38,"column":31}}},"fnMap":{"0":{"name":"(anonymous_0)","decl":{"start":{"line":14,"column":22},"end":{"line":14,"column":23}},"loc":{"start":{"line":14,"column":59},"end":{"line":41,"column":1}},"line":14},"1":{"name":"(anonymous_1)","decl":{"start":{"line":18,"column":12},"end":{"line":18,"column":13}},"loc":{"start":{"line":18,"column":18},"end":{"line":32,"column":3}},"line":18},"2":{"name":"(anonymous_2)","decl":{"start":{"line":21,"column":14},"end":{"line":21,"column":15}},"loc":{"start":{"line":21,"column":20},"end":{"line":25,"column":9}},"line":21},"3":{"name":"(anonymous_3)","decl":{"start":{"line":22,"column":21},"end":{"line":22,"column":22}},"loc":{"start":{"line":22,"column":27},"end":{"line":24,"column":11}},"line":22},"4":{"name":"(anonymous_4)","decl":{"start":{"line":26,"column":15},"end":{"line":26,"column":16}},"loc":{"start":{"line":26,"column":21},"end":{"line":30,"column":9}},"line":26},"5":{"name":"(anonymous_5)","decl":{"start":{"line":27,"column":21},"end":{"line":27,"column":22}},"loc":{"start":{"line":27,"column":27},"end":{"line":29,"column":11}},"line":27},"6":{"name":"(anonymous_6)","decl":{"start":{"line":36,"column":16},"end":{"line":36,"column":17}},"loc":{"start":{"line":36,"column":54},"end":{"line":39,"column":5}},"line":36}},"branchMap":{"0":{"loc":{"start":{"line":14,"column":23},"end":{"line":14,"column":32}},"type":"default-arg","locations":[{"start":{"line":14,"column":31},"end":{"line":14,"column":32}}],"line":14},"1":{"loc":{"start":{"line":19,"column":4},"end":{"line":31,"column":5}},"type":"if","locations":[{"start":{"line":19,"column":4},"end":{"line":31,"column":5}},{"start":{},"end":{}}],"line":19}},"s":{"0":0,"1":0,"2":0,"3":0,"4":0,"5":0,"6":0,"7":0,"8":0,"9":0,"10":0,"11":0,"12":0},"f":{"0":0,"1":0,"2":0,"3":0,"4":0,"5":0,"6":0},"b":{"0":[0],"1":[0,0]}}
,"/Users/guido/Documents/Develop/front_web_mrmilu/packages/hooks/src/breakpoint_match.ts": {"path":"/Users/guido/Documents/Develop/front_web_mrmilu/packages/hooks/src/breakpoint_match.ts","statementMap":{"0":{"start":{"line":3,"column":60},"end":{"line":7,"column":1}},"1":{"start":{"line":32,"column":28},"end":{"line":76,"column":1}},"2":{"start":{"line":33,"column":52},"end":{"line":33,"column":92}},"3":{"start":{"line":35,"column":18},"end":{"line":35,"column":103}},"4":{"start":{"line":35,"column":32},"end":{"line":35,"column":81}},"5":{"start":{"line":36,"column":18},"end":{"line":39,"column":3}},"6":{"start":{"line":37,"column":10},"end":{"line":37,"column":112}},"7":{"start":{"line":40,"column":18},"end":{"line":46,"column":3}},"8":{"start":{"line":42,"column":6},"end":{"line":44,"column":55}},"9":{"start":{"line":48,"column":21},"end":{"line":58,"column":8}},"10":{"start":{"line":49,"column":4},"end":{"line":57,"column":5}},"11":{"start":{"line":50,"column":6},"end":{"line":50,"column":56}},"12":{"start":{"line":51,"column":11},"end":{"line":57,"column":5}},"13":{"start":{"line":52,"column":6},"end":{"line":52,"column":56}},"14":{"start":{"line":53,"column":11},"end":{"line":57,"column":5}},"15":{"start":{"line":54,"column":6},"end":{"line":54,"column":56}},"16":{"start":{"line":56,"column":6},"end":{"line":56,"column":33}},"17":{"start":{"line":60,"column":2},"end":{"line":69,"column":19}},"18":{"start":{"line":64,"column":4},"end":{"line":64,"column":17}},"19":{"start":{"line":65,"column":4},"end":{"line":65,"column":50}},"20":{"start":{"line":66,"column":4},"end":{"line":68,"column":6}},"21":{"start":{"line":67,"column":6},"end":{"line":67,"column":55}},"22":{"start":{"line":71,"column":2},"end":{"line":75,"column":4}}},"fnMap":{"0":{"name":"(anonymous_0)","decl":{"start":{"line":32,"column":28},"end":{"line":32,"column":29}},"loc":{"start":{"line":32,"column":127},"end":{"line":76,"column":1}},"line":32},"1":{"name":"(anonymous_1)","decl":{"start":{"line":35,"column":26},"end":{"line":35,"column":27}},"loc":{"start":{"line":35,"column":32},"end":{"line":35,"column":81}},"line":35},"2":{"name":"(anonymous_2)","decl":{"start":{"line":37,"column":4},"end":{"line":37,"column":5}},"loc":{"start":{"line":37,"column":10},"end":{"line":37,"column":112}},"line":37},"3":{"name":"(anonymous_3)","decl":{"start":{"line":41,"column":4},"end":{"line":41,"column":5}},"loc":{"start":{"line":42,"column":6},"end":{"line":44,"column":55}},"line":42},"4":{"name":"(anonymous_4)","decl":{"start":{"line":48,"column":33},"end":{"line":48,"column":34}},"loc":{"start":{"line":48,"column":39},"end":{"line":58,"column":3}},"line":48},"5":{"name":"(anonymous_5)","decl":{"start":{"line":60,"column":12},"end":{"line":60,"column":13}},"loc":{"start":{"line":60,"column":18},"end":{"line":69,"column":3}},"line":60},"6":{"name":"(anonymous_6)","decl":{"start":{"line":66,"column":11},"end":{"line":66,"column":12}},"loc":{"start":{"line":66,"column":17},"end":{"line":68,"column":5}},"line":66}},"branchMap":{"0":{"loc":{"start":{"line":32,"column":29},"end":{"line":32,"column":94}},"type":"default-arg","locations":[{"start":{"line":32,"column":76},"end":{"line":32,"column":94}}],"line":32},"1":{"loc":{"start":{"line":37,"column":10},"end":{"line":37,"column":112}},"type":"binary-expr","locations":[{"start":{"line":37,"column":10},"end":{"line":37,"column":59}},{"start":{"line":37,"column":63},"end":{"line":37,"column":112}}],"line":37},"2":{"loc":{"start":{"line":42,"column":6},"end":{"line":44,"column":55}},"type":"binary-expr","locations":[{"start":{"line":42,"column":6},"end":{"line":42,"column":55}},{"start":{"line":43,"column":6},"end":{"line":43,"column":55}},{"start":{"line":44,"column":6},"end":{"line":44,"column":55}}],"line":42},"3":{"loc":{"start":{"line":49,"column":4},"end":{"line":57,"column":5}},"type":"if","locations":[{"start":{"line":49,"column":4},"end":{"line":57,"column":5}},{"start":{"line":51,"column":11},"end":{"line":57,"column":5}}],"line":49},"4":{"loc":{"start":{"line":51,"column":11},"end":{"line":57,"column":5}},"type":"if","locations":[{"start":{"line":51,"column":11},"end":{"line":57,"column":5}},{"start":{"line":53,"column":11},"end":{"line":57,"column":5}}],"line":51},"5":{"loc":{"start":{"line":53,"column":11},"end":{"line":57,"column":5}},"type":"if","locations":[{"start":{"line":53,"column":11},"end":{"line":57,"column":5}},{"start":{"line":55,"column":11},"end":{"line":57,"column":5}}],"line":53}},"s":{"0":0,"1":0,"2":0,"3":0,"4":0,"5":0,"6":0,"7":0,"8":0,"9":0,"10":0,"11":0,"12":0,"13":0,"14":0,"15":0,"16":0,"17":0,"18":0,"19":0,"20":0,"21":0,"22":0},"f":{"0":0,"1":0,"2":0,"3":0,"4":0,"5":0,"6":0},"b":{"0":[0],"1":[0,0],"2":[0,0,0],"3":[0,0],"4":[0,0],"5":[0,0]}}
,"/Users/guido/Documents/Develop/front_web_mrmilu/packages/hooks/src/click_outisde.ts": {"path":"/Users/guido/Documents/Develop/front_web_mrmilu/packages/hooks/src/click_outisde.ts","statementMap":{"0":{"start":{"line":9,"column":24},"end":{"line":24,"column":1}},"1":{"start":{"line":10,"column":2},"end":{"line":23,"column":21}},"2":{"start":{"line":11,"column":21},"end":{"line":16,"column":5}},"3":{"start":{"line":12,"column":6},"end":{"line":14,"column":7}},"4":{"start":{"line":13,"column":8},"end":{"line":13,"column":15}},"5":{"start":{"line":15,"column":6},"end":{"line":15,"column":21}},"6":{"start":{"line":17,"column":4},"end":{"line":17,"column":53}},"7":{"start":{"line":18,"column":4},"end":{"line":18,"column":54}},"8":{"start":{"line":19,"column":4},"end":{"line":22,"column":6}},"9":{"start":{"line":20,"column":6},"end":{"line":20,"column":58}},"10":{"start":{"line":21,"column":6},"end":{"line":21,"column":59}}},"fnMap":{"0":{"name":"(anonymous_0)","decl":{"start":{"line":9,"column":24},"end":{"line":9,"column":25}},"loc":{"start":{"line":9,"column":90},"end":{"line":24,"column":1}},"line":9},"1":{"name":"(anonymous_1)","decl":{"start":{"line":10,"column":12},"end":{"line":10,"column":13}},"loc":{"start":{"line":10,"column":18},"end":{"line":23,"column":3}},"line":10},"2":{"name":"(anonymous_2)","decl":{"start":{"line":11,"column":21},"end":{"line":11,"column":22}},"loc":{"start":{"line":11,"column":39},"end":{"line":16,"column":5}},"line":11},"3":{"name":"(anonymous_3)","decl":{"start":{"line":19,"column":11},"end":{"line":19,"column":12}},"loc":{"start":{"line":19,"column":17},"end":{"line":22,"column":5}},"line":19}},"branchMap":{"0":{"loc":{"start":{"line":12,"column":6},"end":{"line":14,"column":7}},"type":"if","locations":[{"start":{"line":12,"column":6},"end":{"line":14,"column":7}},{"start":{},"end":{}}],"line":12},"1":{"loc":{"start":{"line":12,"column":10},"end":{"line":12,"column":68}},"type":"binary-expr","locations":[{"start":{"line":12,"column":10},"end":{"line":12,"column":22}},{"start":{"line":12,"column":26},"end":{"line":12,"column":68}}],"line":12}},"s":{"0":0,"1":0,"2":0,"3":0,"4":0,"5":0,"6":0,"7":0,"8":0,"9":0,"10":0},"f":{"0":0,"1":0,"2":0,"3":0},"b":{"0":[0,0],"1":[0,0]}}
,"/Users/guido/Documents/Develop/front_web_mrmilu/packages/hooks/src/index.ts": {"path":"/Users/guido/Documents/Develop/front_web_mrmilu/packages/hooks/src/index.ts","statementMap":{},"fnMap":{},"branchMap":{},"s":{},"f":{},"b":{}}
,"/Users/guido/Documents/Develop/front_web_mrmilu/packages/hooks/src/use_effect_run_once.ts": {"path":"/Users/guido/Documents/Develop/front_web_mrmilu/packages/hooks/src/use_effect_run_once.ts","statementMap":{"0":{"start":{"line":9,"column":25},"end":{"line":17,"column":1}},"1":{"start":{"line":10,"column":18},"end":{"line":10,"column":31}},"2":{"start":{"line":12,"column":2},"end":{"line":16,"column":11}},"3":{"start":{"line":13,"column":4},"end":{"line":13,"column":82}},"4":{"start":{"line":13,"column":66},"end":{"line":13,"column":82}},"5":{"start":{"line":14,"column":4},"end":{"line":14,"column":27}}},"fnMap":{"0":{"name":"(anonymous_0)","decl":{"start":{"line":9,"column":25},"end":{"line":9,"column":26}},"loc":{"start":{"line":9,"column":75},"end":{"line":17,"column":1}},"line":9},"1":{"name":"(anonymous_1)","decl":{"start":{"line":12,"column":12},"end":{"line":12,"column":13}},"loc":{"start":{"line":12,"column":18},"end":{"line":16,"column":3}},"line":12}},"branchMap":{"0":{"loc":{"start":{"line":13,"column":4},"end":{"line":13,"column":82}},"type":"if","locations":[{"start":{"line":13,"column":4},"end":{"line":13,"column":82}},{"start":{},"end":{}}],"line":13},"1":{"loc":{"start":{"line":13,"column":8},"end":{"line":13,"column":64}},"type":"binary-expr","locations":[{"start":{"line":13,"column":8},"end":{"line":13,"column":23}},{"start":{"line":13,"column":27},"end":{"line":13,"column":64}}],"line":13}},"s":{"0":0,"1":0,"2":0,"3":0,"4":0,"5":0},"f":{"0":0,"1":0},"b":{"0":[0,0],"1":[0,0]}}
,"/Users/guido/Documents/Develop/front_web_mrmilu/packages/hooks/src/use_effect_strict_mode.ts": {"path":"/Users/guido/Documents/Develop/front_web_mrmilu/packages/hooks/src/use_effect_strict_mode.ts","statementMap":{"0":{"start":{"line":8,"column":28},"end":{"line":32,"column":1}},"1":{"start":{"line":9,"column":24},"end":{"line":9,"column":37}},"2":{"start":{"line":10,"column":25},"end":{"line":10,"column":38}},"3":{"start":{"line":11,"column":28},"end":{"line":11,"column":75}},"4":{"start":{"line":13,"column":2},"end":{"line":31,"column":9}},"5":{"start":{"line":14,"column":4},"end":{"line":18,"column":5}},"6":{"start":{"line":15,"column":6},"end":{"line":15,"column":35}},"7":{"start":{"line":16,"column":25},"end":{"line":16,"column":33}},"8":{"start":{"line":17,"column":6},"end":{"line":17,"column":61}},"9":{"start":{"line":17,"column":22},"end":{"line":17,"column":61}},"10":{"start":{"line":20,"column":4},"end":{"line":29,"column":6}},"11":{"start":{"line":21,"column":6},"end":{"line":28,"column":7}},"12":{"start":{"line":22,"column":8},"end":{"line":22,"column":36}},"13":{"start":{"line":24,"column":8},"end":{"line":26,"column":9}},"14":{"start":{"line":25,"column":10},"end":{"line":25,"column":38}},"15":{"start":{"line":27,"column":8},"end":{"line":27,"column":38}}},"fnMap":{"0":{"name":"(anonymous_0)","decl":{"start":{"line":8,"column":28},"end":{"line":8,"column":29}},"loc":{"start":{"line":8,"column":56},"end":{"line":32,"column":1}},"line":8},"1":{"name":"(anonymous_1)","decl":{"start":{"line":13,"column":12},"end":{"line":13,"column":13}},"loc":{"start":{"line":13,"column":18},"end":{"line":31,"column":3}},"line":13},"2":{"name":"(anonymous_2)","decl":{"start":{"line":20,"column":11},"end":{"line":20,"column":12}},"loc":{"start":{"line":20,"column":17},"end":{"line":29,"column":5}},"line":20}},"branchMap":{"0":{"loc":{"start":{"line":14,"column":4},"end":{"line":18,"column":5}},"type":"if","locations":[{"start":{"line":14,"column":4},"end":{"line":18,"column":5}},{"start":{},"end":{}}],"line":14},"1":{"loc":{"start":{"line":17,"column":6},"end":{"line":17,"column":61}},"type":"if","locations":[{"start":{"line":17,"column":6},"end":{"line":17,"column":61}},{"start":{},"end":{}}],"line":17},"2":{"loc":{"start":{"line":21,"column":6},"end":{"line":28,"column":7}},"type":"if","locations":[{"start":{"line":21,"column":6},"end":{"line":28,"column":7}},{"start":{"line":23,"column":13},"end":{"line":28,"column":7}}],"line":21},"3":{"loc":{"start":{"line":21,"column":10},"end":{"line":21,"column":76}},"type":"binary-expr","locations":[{"start":{"line":21,"column":10},"end":{"line":21,"column":47}},{"start":{"line":21,"column":51},"end":{"line":21,"column":76}}],"line":21},"4":{"loc":{"start":{"line":24,"column":8},"end":{"line":26,"column":9}},"type":"if","locations":[{"start":{"line":24,"column":8},"end":{"line":26,"column":9}},{"start":{},"end":{}}],"line":24},"5":{"loc":{"start":{"line":24,"column":12},"end":{"line":24,"column":63}},"type":"binary-expr","locations":[{"start":{"line":24,"column":12},"end":{"line":24,"column":34}},{"start":{"line":24,"column":38},"end":{"line":24,"column":63}}],"line":24}},"s":{"0":0,"1":0,"2":0,"3":0,"4":0,"5":0,"6":0,"7":0,"8":0,"9":0,"10":0,"11":0,"12":0,"13":0,"14":0,"15":0},"f":{"0":0,"1":0,"2":0},"b":{"0":[0,0],"1":[0,0],"2":[0,0],"3":[0,0],"4":[0,0],"5":[0,0]}}
,"/Users/guido/Documents/Develop/front_web_mrmilu/packages/network/src/graphql_client.ts": {"path":"/Users/guido/Documents/Develop/front_web_mrmilu/packages/network/src/graphql_client.ts","statementMap":{"0":{"start":{"line":18,"column":4},"end":{"line":36,"column":7}},"1":{"start":{"line":46,"column":4},"end":{"line":64,"column":5}},"2":{"start":{"line":47,"column":31},"end":{"line":52,"column":8}},"3":{"start":{"line":53,"column":62},"end":{"line":53,"column":66}},"4":{"start":{"line":54,"column":23},"end":{"line":54,"column":46}},"5":{"start":{"line":55,"column":27},"end":{"line":55,"column":73}},"6":{"start":{"line":56,"column":6},"end":{"line":60,"column":7}},"7":{"start":{"line":57,"column":8},"end":{"line":57,"column":43}},"8":{"start":{"line":58,"column":13},"end":{"line":60,"column":7}},"9":{"start":{"line":59,"column":8},"end":{"line":59,"column":48}},"10":{"start":{"line":61,"column":6},"end":{"line":61,"column":18}},"11":{"start":{"line":63,"column":6},"end":{"line":63,"column":14}},"12":{"start":{"line":74,"column":4},"end":{"line":92,"column":5}},"13":{"start":{"line":75,"column":31},"end":{"line":80,"column":8}},"14":{"start":{"line":81,"column":62},"end":{"line":81,"column":66}},"15":{"start":{"line":82,"column":23},"end":{"line":82,"column":46}},"16":{"start":{"line":83,"column":27},"end":{"line":83,"column":73}},"17":{"start":{"line":84,"column":6},"end":{"line":88,"column":7}},"18":{"start":{"line":85,"column":8},"end":{"line":85,"column":43}},"19":{"start":{"line":86,"column":13},"end":{"line":88,"column":7}},"20":{"start":{"line":87,"column":8},"end":{"line":87,"column":48}},"21":{"start":{"line":89,"column":6},"end":{"line":89,"column":18}},"22":{"start":{"line":91,"column":6},"end":{"line":91,"column":14}}},"fnMap":{"0":{"name":"(anonymous_0)","decl":{"start":{"line":17,"column":2},"end":{"line":17,"column":3}},"loc":{"start":{"line":17,"column":61},"end":{"line":37,"column":3}},"line":17},"1":{"name":"(anonymous_1)","decl":{"start":{"line":45,"column":2},"end":{"line":45,"column":3}},"loc":{"start":{"line":45,"column":144},"end":{"line":65,"column":3}},"line":45},"2":{"name":"(anonymous_2)","decl":{"start":{"line":73,"column":2},"end":{"line":73,"column":3}},"loc":{"start":{"line":73,"column":137},"end":{"line":93,"column":3}},"line":73}},"branchMap":{"0":{"loc":{"start":{"line":51,"column":28},"end":{"line":51,"column":50}},"type":"binary-expr","locations":[{"start":{"line":51,"column":28},"end":{"line":51,"column":44}},{"start":{"line":51,"column":48},"end":{"line":51,"column":50}}],"line":51},"1":{"loc":{"start":{"line":54,"column":23},"end":{"line":54,"column":46}},"type":"binary-expr","locations":[{"start":{"line":54,"column":23},"end":{"line":54,"column":29}},{"start":{"line":54,"column":33},"end":{"line":54,"column":46}}],"line":54},"2":{"loc":{"start":{"line":55,"column":27},"end":{"line":55,"column":73}},"type":"binary-expr","locations":[{"start":{"line":55,"column":27},"end":{"line":55,"column":45}},{"start":{"line":55,"column":49},"end":{"line":55,"column":73}}],"line":55},"3":{"loc":{"start":{"line":56,"column":6},"end":{"line":60,"column":7}},"type":"if","locations":[{"start":{"line":56,"column":6},"end":{"line":60,"column":7}},{"start":{"line":58,"column":13},"end":{"line":60,"column":7}}],"line":56},"4":{"loc":{"start":{"line":58,"column":13},"end":{"line":60,"column":7}},"type":"if","locations":[{"start":{"line":58,"column":13},"end":{"line":60,"column":7}},{"start":{},"end":{}}],"line":58},"5":{"loc":{"start":{"line":79,"column":28},"end":{"line":79,"column":50}},"type":"binary-expr","locations":[{"start":{"line":79,"column":28},"end":{"line":79,"column":44}},{"start":{"line":79,"column":48},"end":{"line":79,"column":50}}],"line":79},"6":{"loc":{"start":{"line":82,"column":23},"end":{"line":82,"column":46}},"type":"binary-expr","locations":[{"start":{"line":82,"column":23},"end":{"line":82,"column":29}},{"start":{"line":82,"column":33},"end":{"line":82,"column":46}}],"line":82},"7":{"loc":{"start":{"line":83,"column":27},"end":{"line":83,"column":73}},"type":"binary-expr","locations":[{"start":{"line":83,"column":27},"end":{"line":83,"column":45}},{"start":{"line":83,"column":49},"end":{"line":83,"column":73}}],"line":83},"8":{"loc":{"start":{"line":84,"column":6},"end":{"line":88,"column":7}},"type":"if","locations":[{"start":{"line":84,"column":6},"end":{"line":88,"column":7}},{"start":{"line":86,"column":13},"end":{"line":88,"column":7}}],"line":84},"9":{"loc":{"start":{"line":86,"column":13},"end":{"line":88,"column":7}},"type":"if","locations":[{"start":{"line":86,"column":13},"end":{"line":88,"column":7}},{"start":{},"end":{}}],"line":86}},"s":{"0":0,"1":0,"2":0,"3":0,"4":0,"5":0,"6":0,"7":0,"8":0,"9":0,"10":0,"11":0,"12":0,"13":0,"14":0,"15":0,"16":0,"17":0,"18":0,"19":0,"20":0,"21":0,"22":0},"f":{"0":0,"1":0,"2":0},"b":{"0":[0,0],"1":[0,0],"2":[0,0],"3":[0,0],"4":[0,0],"5":[0,0],"6":[0,0],"7":[0,0],"8":[0,0],"9":[0,0]}}
,"/Users/guido/Documents/Develop/front_web_mrmilu/packages/network/src/index.ts": {"path":"/Users/guido/Documents/Develop/front_web_mrmilu/packages/network/src/index.ts","statementMap":{},"fnMap":{},"branchMap":{},"s":{},"f":{},"b":{}}
,"/Users/guido/Documents/Develop/front_web_mrmilu/packages/network/src/interfaces/graphql_data_source.ts": {"path":"/Users/guido/Documents/Develop/front_web_mrmilu/packages/network/src/interfaces/graphql_data_source.ts","statementMap":{},"fnMap":{},"branchMap":{},"s":{},"f":{},"b":{}}
,"/Users/guido/Documents/Develop/front_web_mrmilu/packages/network/src/interfaces/index.ts": {"path":"/Users/guido/Documents/Develop/front_web_mrmilu/packages/network/src/interfaces/index.ts","statementMap":{},"fnMap":{},"branchMap":{},"s":{},"f":{},"b":{}}
,"/Users/guido/Documents/Develop/front_web_mrmilu/packages/network/src/interfaces/rest_data_source.ts": {"path":"/Users/guido/Documents/Develop/front_web_mrmilu/packages/network/src/interfaces/rest_data_source.ts","statementMap":{},"fnMap":{},"branchMap":{},"s":{},"f":{},"b":{}}
,"/Users/guido/Documents/Develop/front_web_mrmilu/packages/react_components/src/index.ts": {"path":"/Users/guido/Documents/Develop/front_web_mrmilu/packages/react_components/src/index.ts","statementMap":{},"fnMap":{},"branchMap":{},"s":{},"f":{},"b":{}}
,"/Users/guido/Documents/Develop/front_web_mrmilu/packages/react_components/src/safe_image.tsx": {"path":"/Users/guido/Documents/Develop/front_web_mrmilu/packages/react_components/src/safe_image.tsx","statementMap":{"0":{"start":{"line":13,"column":32},"end":{"line":13,"column":47}},"1":{"start":{"line":15,"column":18},"end":{"line":15,"column":29}},"2":{"start":{"line":16,"column":2},"end":{"line":21,"column":12}},"3":{"start":{"line":17,"column":4},"end":{"line":20,"column":5}},"4":{"start":{"line":18,"column":6},"end":{"line":18,"column":24}},"5":{"start":{"line":19,"column":6},"end":{"line":19,"column":28}},"6":{"start":{"line":23,"column":2},"end":{"line":28,"column":5}},"7":{"start":{"line":25,"column":19},"end":{"line":25,"column":35}}},"fnMap":{"0":{"name":"SafeImage","decl":{"start":{"line":12,"column":24},"end":{"line":12,"column":33}},"loc":{"start":{"line":12,"column":90},"end":{"line":29,"column":1}},"line":12},"1":{"name":"(anonymous_1)","decl":{"start":{"line":16,"column":12},"end":{"line":16,"column":13}},"loc":{"start":{"line":16,"column":18},"end":{"line":21,"column":3}},"line":16},"2":{"name":"(anonymous_2)","decl":{"start":{"line":25,"column":13},"end":{"line":25,"column":14}},"loc":{"start":{"line":25,"column":19},"end":{"line":25,"column":35}},"line":25}},"branchMap":{"0":{"loc":{"start":{"line":17,"column":4},"end":{"line":20,"column":5}},"type":"if","locations":[{"start":{"line":17,"column":4},"end":{"line":20,"column":5}},{"start":{},"end":{}}],"line":17},"1":{"loc":{"start":{"line":24,"column":9},"end":{"line":24,"column":59}},"type":"cond-expr","locations":[{"start":{"line":24,"column":19},"end":{"line":24,"column":33}},{"start":{"line":24,"column":37},"end":{"line":24,"column":58}}],"line":24},"2":{"loc":{"start":{"line":24,"column":37},"end":{"line":24,"column":58}},"type":"binary-expr","locations":[{"start":{"line":24,"column":37},"end":{"line":24,"column":40}},{"start":{"line":24,"column":44},"end":{"line":24,"column":58}}],"line":24}},"s":{"0":0,"1":0,"2":0,"3":0,"4":0,"5":0,"6":0,"7":0},"f":{"0":0,"1":0,"2":0},"b":{"0":[0,0],"1":[0,0],"2":[0,0]}}
,"/Users/guido/Documents/Develop/front_web_mrmilu/packages/services/src/index.ts": {"path":"/Users/guido/Documents/Develop/front_web_mrmilu/packages/services/src/index.ts","statementMap":{},"fnMap":{},"branchMap":{},"s":{},"f":{},"b":{}}
,"/Users/guido/Documents/Develop/front_web_mrmilu/packages/services/src/tag_manager_service.ts": {"path":"/Users/guido/Documents/Develop/front_web_mrmilu/packages/services/src/tag_manager_service.ts","statementMap":{"0":{"start":{"line":17,"column":54},"end":{"line":17,"column":58}},"1":{"start":{"line":20,"column":4},"end":{"line":23,"column":5}},"2":{"start":{"line":21,"column":6},"end":{"line":21,"column":71}},"3":{"start":{"line":21,"column":29},"end":{"line":21,"column":71}},"4":{"start":{"line":22,"column":6},"end":{"line":22,"column":40}},"5":{"start":{"line":32,"column":4},"end":{"line":34,"column":5}},"6":{"start":{"line":33,"column":6},"end":{"line":33,"column":58}}},"fnMap":{"0":{"name":"(anonymous_0)","decl":{"start":{"line":19,"column":2},"end":{"line":19,"column":3}},"loc":{"start":{"line":19,"column":16},"end":{"line":24,"column":3}},"line":19},"1":{"name":"(anonymous_1)","decl":{"start":{"line":31,"column":2},"end":{"line":31,"column":3}},"loc":{"start":{"line":31,"column":69},"end":{"line":35,"column":3}},"line":31}},"branchMap":{"0":{"loc":{"start":{"line":20,"column":4},"end":{"line":23,"column":5}},"type":"if","locations":[{"start":{"line":20,"column":4},"end":{"line":23,"column":5}},{"start":{},"end":{}}],"line":20},"1":{"loc":{"start":{"line":21,"column":6},"end":{"line":21,"column":71}},"type":"if","locations":[{"start":{"line":21,"column":6},"end":{"line":21,"column":71}},{"start":{},"end":{}}],"line":21},"2":{"loc":{"start":{"line":21,"column":48},"end":{"line":21,"column":70}},"type":"binary-expr","locations":[{"start":{"line":21,"column":48},"end":{"line":21,"column":64}},{"start":{"line":21,"column":68},"end":{"line":21,"column":70}}],"line":21},"3":{"loc":{"start":{"line":32,"column":4},"end":{"line":34,"column":5}},"type":"if","locations":[{"start":{"line":32,"column":4},"end":{"line":34,"column":5}},{"start":{},"end":{}}],"line":32}},"s":{"0":0,"1":0,"2":0,"3":0,"4":0,"5":0,"6":0},"f":{"0":0,"1":0},"b":{"0":[0,0],"1":[0,0],"2":[0,0],"3":[0,0]}}
,"/Users/guido/Documents/Develop/front_web_mrmilu/packages/utils/src/cookie.ts": {"path":"/Users/guido/Documents/Develop/front_web_mrmilu/packages/utils/src/cookie.ts","statementMap":{"0":{"start":{"line":12,"column":18},"end":{"line":12,"column":20}},"1":{"start":{"line":13,"column":17},"end":{"line":13,"column":27}},"2":{"start":{"line":14,"column":4},"end":{"line":14,"column":62}},"3":{"start":{"line":15,"column":4},"end":{"line":15,"column":48}},"4":{"start":{"line":16,"column":4},"end":{"line":16,"column":64}},"5":{"start":{"line":25,"column":19},"end":{"line":25,"column":29}},"6":{"start":{"line":26,"column":15},"end":{"line":26,"column":33}},"7":{"start":{"line":27,"column":4},"end":{"line":31,"column":5}},"8":{"start":{"line":27,"column":17},"end":{"line":27,"column":18}},"9":{"start":{"line":28,"column":14},"end":{"line":28,"column":19}},"10":{"start":{"line":29,"column":6},"end":{"line":29,"column":62}},"11":{"start":{"line":29,"column":33},"end":{"line":29,"column":62}},"12":{"start":{"line":30,"column":6},"end":{"line":30,"column":78}},"13":{"start":{"line":30,"column":34},"end":{"line":30,"column":78}},"14":{"start":{"line":32,"column":4},"end":{"line":32,"column":16}},"15":{"start":{"line":40,"column":4},"end":{"line":40,"column":81}},"16":{"start":{"line":47,"column":32},"end":{"line":51,"column":3}},"17":{"start":{"line":48,"column":17},"end":{"line":48,"column":27}},"18":{"start":{"line":49,"column":4},"end":{"line":49,"column":40}},"19":{"start":{"line":50,"column":4},"end":{"line":50,"column":16}}},"fnMap":{"0":{"name":"(anonymous_0)","decl":{"start":{"line":11,"column":2},"end":{"line":11,"column":3}},"loc":{"start":{"line":11,"column":57},"end":{"line":17,"column":3}},"line":11},"1":{"name":"(anonymous_1)","decl":{"start":{"line":24,"column":2},"end":{"line":24,"column":3}},"loc":{"start":{"line":24,"column":60},"end":{"line":33,"column":3}},"line":24},"2":{"name":"(anonymous_2)","decl":{"start":{"line":39,"column":2},"end":{"line":39,"column":3}},"loc":{"start":{"line":39,"column":35},"end":{"line":41,"column":3}},"line":39},"3":{"name":"(anonymous_3)","decl":{"start":{"line":47,"column":32},"end":{"line":47,"column":33}},"loc":{"start":{"line":47,"column":48},"end":{"line":51,"column":3}},"line":47}},"branchMap":{"0":{"loc":{"start":{"line":11,"column":33},"end":{"line":11,"column":43}},"type":"default-arg","locations":[{"start":{"line":11,"column":41},"end":{"line":11,"column":43}}],"line":11},"1":{"loc":{"start":{"line":11,"column":45},"end":{"line":11,"column":55}},"type":"default-arg","locations":[{"start":{"line":11,"column":52},"end":{"line":11,"column":55}}],"line":11},"2":{"loc":{"start":{"line":24,"column":33},"end":{"line":24,"column":58}},"type":"default-arg","locations":[{"start":{"line":24,"column":43},"end":{"line":24,"column":58}}],"line":24},"3":{"loc":{"start":{"line":30,"column":6},"end":{"line":30,"column":78}},"type":"if","locations":[{"start":{"line":30,"column":6},"end":{"line":30,"column":78}},{"start":{},"end":{}}],"line":30},"4":{"loc":{"start":{"line":47,"column":33},"end":{"line":47,"column":43}},"type":"default-arg","locations":[{"start":{"line":47,"column":40},"end":{"line":47,"column":43}}],"line":47}},"s":{"0":0,"1":0,"2":0,"3":0,"4":0,"5":0,"6":0,"7":0,"8":0,"9":0,"10":0,"11":0,"12":0,"13":0,"14":0,"15":0,"16":1,"17":0,"18":0,"19":0},"f":{"0":0,"1":0,"2":0,"3":0},"b":{"0":[0],"1":[0],"2":[0],"3":[0,0],"4":[0]},"_coverageSchema":"1a1c01bbd47fc00a2c39e90264f33305004495a9","hash":"929ad61e28f38b96ae4eb8d39cb84a0204dcf6b6"}
,"/Users/guido/Documents/Develop/front_web_mrmilu/packages/utils/src/index.ts": {"path":"/Users/guido/Documents/Develop/front_web_mrmilu/packages/utils/src/index.ts","statementMap":{},"fnMap":{},"branchMap":{},"s":{},"f":{},"b":{},"_coverageSchema":"1a1c01bbd47fc00a2c39e90264f33305004495a9","hash":"3c00d72d2dac3c7fb2aeadc620a864dac2e824dd"}
,"/Users/guido/Documents/Develop/front_web_mrmilu/packages/utils/src/promise.ts": {"path":"/Users/guido/Documents/Develop/front_web_mrmilu/packages/utils/src/promise.ts","statementMap":{"0":{"start":{"line":5,"column":23},"end":{"line":10,"column":4}},"1":{"start":{"line":6,"column":2},"end":{"line":10,"column":4}},"2":{"start":{"line":7,"column":4},"end":{"line":9,"column":20}},"3":{"start":{"line":8,"column":6},"end":{"line":8,"column":16}},"4":{"start":{"line":23,"column":30},"end":{"line":42,"column":1}},"5":{"start":{"line":24,"column":20},"end":{"line":24,"column":25}},"6":{"start":{"line":25,"column":42},"end":{"line":25,"column":46}},"7":{"start":{"line":27,"column":25},"end":{"line":31,"column":4}},"8":{"start":{"line":28,"column":4},"end":{"line":28,"column":75}},"9":{"start":{"line":28,"column":27},"end":{"line":28,"column":72}},"10":{"start":{"line":33,"column":2},"end":{"line":41,"column":4}},"11":{"start":{"line":36,"column":6},"end":{"line":36,"column":25}},"12":{"start":{"line":39,"column":6},"end":{"line":39,"column":30}}},"fnMap":{"0":{"name":"(anonymous_0)","decl":{"start":{"line":5,"column":23},"end":{"line":5,"column":24}},"loc":{"start":{"line":6,"column":2},"end":{"line":10,"column":4}},"line":6},"1":{"name":"(anonymous_1)","decl":{"start":{"line":6,"column":20},"end":{"line":6,"column":21}},"loc":{"start":{"line":6,"column":33},"end":{"line":10,"column":3}},"line":6},"2":{"name":"(anonymous_2)","decl":{"start":{"line":7,"column":15},"end":{"line":7,"column":16}},"loc":{"start":{"line":7,"column":21},"end":{"line":9,"column":5}},"line":7},"3":{"name":"(anonymous_3)","decl":{"start":{"line":23,"column":30},"end":{"line":23,"column":31}},"loc":{"start":{"line":23,"column":80},"end":{"line":42,"column":1}},"line":23},"4":{"name":"(anonymous_4)","decl":{"start":{"line":27,"column":40},"end":{"line":27,"column":41}},"loc":{"start":{"line":27,"column":61},"end":{"line":31,"column":3}},"line":27},"5":{"name":"(anonymous_5)","decl":{"start":{"line":28,"column":17},"end":{"line":28,"column":18}},"loc":{"start":{"line":28,"column":27},"end":{"line":28,"column":72}},"line":28},"6":{"name":"(anonymous_6)","decl":{"start":{"line":35,"column":4},"end":{"line":35,"column":5}},"loc":{"start":{"line":35,"column":13},"end":{"line":37,"column":5}},"line":35},"7":{"name":"(anonymous_7)","decl":{"start":{"line":38,"column":4},"end":{"line":38,"column":5}},"loc":{"start":{"line":38,"column":23},"end":{"line":40,"column":5}},"line":38}},"branchMap":{"0":{"loc":{"start":{"line":28,"column":27},"end":{"line":28,"column":72}},"type":"cond-expr","locations":[{"start":{"line":28,"column":41},"end":{"line":28,"column":57}},{"start":{"line":28,"column":60},"end":{"line":28,"column":72}}],"line":28}},"s":{"0":1,"1":1,"2":1,"3":1,"4":1,"5":0,"6":0,"7":0,"8":0,"9":0,"10":0,"11":0,"12":0},"f":{"0":1,"1":1,"2":1,"3":0,"4":0,"5":0,"6":0,"7":0},"b":{"0":[0,0]},"_coverageSchema":"1a1c01bbd47fc00a2c39e90264f33305004495a9","hash":"bc9e147ac89b5bb06382e972b104e99a9a1d2e3b"}
,"/Users/guido/Documents/Develop/front_web_mrmilu/packages/utils/src/suspense_promise.ts": {"path":"/Users/guido/Documents/Develop/front_web_mrmilu/packages/utils/src/suspense_promise.ts","statementMap":{"0":{"start":{"line":6,"column":15},"end":{"line":6,"column":24}},"1":{"start":{"line":9,"column":20},"end":{"line":18,"column":3}},"2":{"start":{"line":11,"column":6},"end":{"line":11,"column":25}},"3":{"start":{"line":12,"column":6},"end":{"line":12,"column":21}},"4":{"start":{"line":15,"column":6},"end":{"line":15,"column":23}},"5":{"start":{"line":16,"column":6},"end":{"line":16,"column":21}},"6":{"start":{"line":20,"column":15},"end":{"line":29,"column":3}},"7":{"start":{"line":21,"column":4},"end":{"line":28,"column":5}},"8":{"start":{"line":23,"column":8},"end":{"line":23,"column":24}},"9":{"start":{"line":25,"column":8},"end":{"line":25,"column":23}},"10":{"start":{"line":27,"column":8},"end":{"line":27,"column":24}},"11":{"start":{"line":31,"column":2},"end":{"line":31,"column":18}},"12":{"start":{"line":35,"column":15},"end":{"line":37,"column":3}},"13":{"start":{"line":36,"column":4},"end":{"line":36,"column":28}},"14":{"start":{"line":38,"column":2},"end":{"line":38,"column":18}}},"fnMap":{"0":{"name":"wrapPromise","decl":{"start":{"line":5,"column":16},"end":{"line":5,"column":27}},"loc":{"start":{"line":5,"column":71},"end":{"line":32,"column":1}},"line":5},"1":{"name":"(anonymous_1)","decl":{"start":{"line":10,"column":4},"end":{"line":10,"column":5}},"loc":{"start":{"line":10,"column":13},"end":{"line":13,"column":5}},"line":10},"2":{"name":"(anonymous_2)","decl":{"start":{"line":14,"column":4},"end":{"line":14,"column":5}},"loc":{"start":{"line":14,"column":13},"end":{"line":17,"column":5}},"line":14},"3":{"name":"(anonymous_3)","decl":{"start":{"line":20,"column":15},"end":{"line":20,"column":16}},"loc":{"start":{"line":20,"column":21},"end":{"line":29,"column":3}},"line":20},"4":{"name":"wrapPromisePending","decl":{"start":{"line":34,"column":16},"end":{"line":34,"column":34}},"loc":{"start":{"line":34,"column":59},"end":{"line":39,"column":1}},"line":34},"5":{"name":"(anonymous_5)","decl":{"start":{"line":35,"column":15},"end":{"line":35,"column":16}},"loc":{"start":{"line":35,"column":21},"end":{"line":37,"column":3}},"line":35}},"branchMap":{"0":{"loc":{"start":{"line":21,"column":4},"end":{"line":28,"column":5}},"type":"switch","locations":[{"start":{"line":22,"column":6},"end":{"line":23,"column":24}},{"start":{"line":24,"column":6},"end":{"line":25,"column":23}},{"start":{"line":26,"column":6},"end":{"line":27,"column":24}}],"line":21}},"s":{"0":3,"1":3,"2":2,"3":2,"4":1,"5":1,"6":3,"7":3,"8":1,"9":1,"10":1,"11":3,"12":1,"13":1,"14":1},"f":{"0":3,"1":2,"2":1,"3":3,"4":1,"5":1},"b":{"0":[1,1,1]},"_coverageSchema":"1a1c01bbd47fc00a2c39e90264f33305004495a9","hash":"f81cda7c7dfbece509b152b6fd3e4bdec3289efd"}
,"/Users/guido/Documents/Develop/front_web_mrmilu/packages/utils/src/yup_extensions.ts": {"path":"/Users/guido/Documents/Develop/front_web_mrmilu/packages/utils/src/yup_extensions.ts","statementMap":{"0":{"start":{"line":12,"column":2},"end":{"line":19,"column":5}},"1":{"start":{"line":13,"column":4},"end":{"line":18,"column":7}},"2":{"start":{"line":14,"column":6},"end":{"line":17,"column":7}},"3":{"start":{"line":15,"column":23},"end":{"line":15,"column":36}},"4":{"start":{"line":16,"column":8},"end":{"line":16,"column":37}}},"fnMap":{"0":{"name":"loadYupExtensions","decl":{"start":{"line":11,"column":16},"end":{"line":11,"column":33}},"loc":{"start":{"line":11,"column":36},"end":{"line":20,"column":1}},"line":11},"1":{"name":"(anonymous_1)","decl":{"start":{"line":12,"column":46},"end":{"line":12,"column":47}},"loc":{"start":{"line":12,"column":74},"end":{"line":19,"column":3}},"line":12},"2":{"name":"(anonymous_2)","decl":{"start":{"line":13,"column":48},"end":{"line":13,"column":49}},"loc":{"start":{"line":13,"column":68},"end":{"line":18,"column":5}},"line":13}},"branchMap":{"0":{"loc":{"start":{"line":13,"column":33},"end":{"line":13,"column":46}},"type":"binary-expr","locations":[{"start":{"line":13,"column":33},"end":{"line":13,"column":40}},{"start":{"line":13,"column":44},"end":{"line":13,"column":46}}],"line":13},"1":{"loc":{"start":{"line":14,"column":6},"end":{"line":17,"column":7}},"type":"if","locations":[{"start":{"line":14,"column":6},"end":{"line":17,"column":7}},{"start":{},"end":{}}],"line":14}},"s":{"0":0,"1":0,"2":0,"3":0,"4":0},"f":{"0":0,"1":0,"2":0},"b":{"0":[0,0],"1":[0,0]},"_coverageSchema":"1a1c01bbd47fc00a2c39e90264f33305004495a9","hash":"85044448bc35c8f520d65afa507826ab0bf64673"}
}
